[NX Daemon Server] - 2023-11-11T21:43:25.074Z - Started listening on: /var/folders/p2/mmd5m0914vq6j7hgjmpkmhzm0000gn/T/548ef6620f17e4a56f81/d.sock
[NX Daemon Server] - 2023-11-11T21:43:25.077Z - [WATCHER]: Subscribed to changes within: /Users/kojieguchi/Desktop/practice/tic-tac-toe (native)
[NX Daemon Server] - 2023-11-11T21:43:25.078Z - Established a connection. Number of open connections: 1
[NX Daemon Server] - 2023-11-11T21:43:25.079Z - Established a connection. Number of open connections: 2
[NX Daemon Server] - 2023-11-11T21:43:25.079Z - [REQUEST]: Client Request for Project Graph Received
[NX Daemon Server] - 2023-11-11T21:43:25.097Z - [REQUEST]: Updated file-hasher based on watched changes, recomputing project graph...
[NX Daemon Server] - 2023-11-11T21:43:25.097Z - [REQUEST]: 
[NX Daemon Server] - 2023-11-11T21:43:25.097Z - [REQUEST]: 
[NX Daemon Server] - 2023-11-11T21:43:25.129Z - [REQUEST]: Responding to the client. project-graph
[NX Daemon Server] - 2023-11-11T21:43:25.130Z - Time taken for 'total for creating and serializing project graph' 49.42512512207031ms
[NX Daemon Server] - 2023-11-11T21:43:25.130Z - Closed a connection. Number of open connections: 1
[NX Daemon Server] - 2023-11-11T21:43:25.131Z - Done responding to the client project-graph
[NX Daemon Server] - 2023-11-11T21:43:25.131Z - Handled REQUEST_PROJECT_GRAPH. Handling time: 50. Response time: 2.
[NX Daemon Server] - 2023-11-11T21:43:25.133Z - Closed a connection. Number of open connections: 0
[NX Daemon Server] - 2023-11-11T21:43:25.134Z - Established a connection. Number of open connections: 1
[NX Daemon Server] - 2023-11-11T21:43:25.134Z - Closed a connection. Number of open connections: 0
[NX Daemon Server] - 2023-11-11T21:43:25.134Z - Established a connection. Number of open connections: 1
[NX Daemon Server] - 2023-11-11T21:43:25.135Z - [REQUEST]: Responding to the client. handleRequestFileData
[NX Daemon Server] - 2023-11-11T21:43:25.135Z - Done responding to the client handleRequestFileData
[NX Daemon Server] - 2023-11-11T21:43:25.135Z - Handled REQUEST_FILE_DATA. Handling time: 0. Response time: 0.
[NX Daemon Server] - 2023-11-11T21:43:25.137Z - [WATCHER]: .nx/cache/d/server-process.json was created or restored
[NX Daemon Server] - 2023-11-11T21:43:25.243Z - [REQUEST]: Updated file-hasher based on watched changes, recomputing project graph...
[NX Daemon Server] - 2023-11-11T21:43:25.243Z - [REQUEST]: .nx/cache/d/server-process.json
[NX Daemon Server] - 2023-11-11T21:43:25.243Z - [REQUEST]: 
[NX Daemon Server] - 2023-11-11T21:43:25.259Z - Time taken for 'hash changed files from watcher' 0.1178750991821289ms
[NX Daemon Server] - 2023-11-11T21:44:23.084Z - Established a connection. Number of open connections: 2
[NX Daemon Server] - 2023-11-11T21:44:23.084Z - Closed a connection. Number of open connections: 1
[NX Daemon Server] - 2023-11-11T21:44:23.085Z - Established a connection. Number of open connections: 2
[NX Daemon Server] - 2023-11-11T21:44:23.086Z - [REQUEST]: Client Request for Project Graph Received
[NX Daemon Server] - 2023-11-11T21:44:23.086Z - [REQUEST]: Responding to the client. project-graph
[NX Daemon Server] - 2023-11-11T21:44:23.087Z - Time taken for 'total for creating and serializing project graph' 0.11241722106933594ms
[NX Daemon Server] - 2023-11-11T21:44:23.091Z - Done responding to the client project-graph
[NX Daemon Server] - 2023-11-11T21:44:23.092Z - Handled REQUEST_PROJECT_GRAPH. Handling time: 0. Response time: 6.
[NX Daemon Server] - 2023-11-11T21:44:23.106Z - [REQUEST]: Client Request for Project Graph Received
[NX Daemon Server] - 2023-11-11T21:44:23.106Z - [REQUEST]: Responding to the client. project-graph
[NX Daemon Server] - 2023-11-11T21:44:23.107Z - Time taken for 'total for creating and serializing project graph' 0.09399986267089844ms
[NX Daemon Server] - 2023-11-11T21:44:23.107Z - Done responding to the client project-graph
[NX Daemon Server] - 2023-11-11T21:44:23.108Z - Handled REQUEST_PROJECT_GRAPH. Handling time: 0. Response time: 2.
[NX Daemon Server] - 2023-11-11T21:44:23.111Z - [REQUEST]: Client Request for Project Graph Received
[NX Daemon Server] - 2023-11-11T21:44:23.111Z - [REQUEST]: Responding to the client. project-graph
[NX Daemon Server] - 2023-11-11T21:44:23.112Z - Time taken for 'total for creating and serializing project graph' 0.13329172134399414ms
[NX Daemon Server] - 2023-11-11T21:44:23.113Z - Done responding to the client project-graph
[NX Daemon Server] - 2023-11-11T21:44:23.113Z - Handled REQUEST_PROJECT_GRAPH. Handling time: 0. Response time: 2.
[NX Daemon Server] - 2023-11-11T21:44:23.136Z - [REQUEST]: Responding to the client. handleRequestFileData
[NX Daemon Server] - 2023-11-11T21:44:23.136Z - Done responding to the client handleRequestFileData
[NX Daemon Server] - 2023-11-11T21:44:23.136Z - Handled REQUEST_FILE_DATA. Handling time: 0. Response time: 0.
[NX Daemon Server] - 2023-11-11T21:44:23.154Z - Closed a connection. Number of open connections: 1
[NX Daemon Server] - 2023-11-11T21:44:23.485Z - Established a connection. Number of open connections: 2
[NX Daemon Server] - 2023-11-11T21:44:23.486Z - Closed a connection. Number of open connections: 1
[NX Daemon Server] - 2023-11-11T21:44:23.486Z - Established a connection. Number of open connections: 2
[NX Daemon Server] - 2023-11-11T21:44:23.487Z - [REQUEST]: Client Request for Project Graph Received
[NX Daemon Server] - 2023-11-11T21:44:23.487Z - [REQUEST]: Responding to the client. project-graph
[NX Daemon Server] - 2023-11-11T21:44:23.488Z - Time taken for 'total for creating and serializing project graph' 0.07279157638549805ms
[NX Daemon Server] - 2023-11-11T21:44:23.491Z - Done responding to the client project-graph
[NX Daemon Server] - 2023-11-11T21:44:23.491Z - Handled REQUEST_PROJECT_GRAPH. Handling time: 0. Response time: 4.
[NX Daemon Server] - 2023-11-11T21:44:23.502Z - [REQUEST]: Client Request for Project Graph Received
[NX Daemon Server] - 2023-11-11T21:44:23.502Z - [REQUEST]: Responding to the client. project-graph
[NX Daemon Server] - 2023-11-11T21:44:23.503Z - Time taken for 'total for creating and serializing project graph' 0.07462453842163086ms
[NX Daemon Server] - 2023-11-11T21:44:23.503Z - Done responding to the client project-graph
[NX Daemon Server] - 2023-11-11T21:44:23.503Z - Handled REQUEST_PROJECT_GRAPH. Handling time: 0. Response time: 1.
[NX Daemon Server] - 2023-11-11T21:44:23.507Z - [REQUEST]: Client Request for Project Graph Received
[NX Daemon Server] - 2023-11-11T21:44:23.507Z - [REQUEST]: Responding to the client. project-graph
[NX Daemon Server] - 2023-11-11T21:44:23.508Z - Time taken for 'total for creating and serializing project graph' 0.0637502670288086ms
[NX Daemon Server] - 2023-11-11T21:44:23.508Z - Done responding to the client project-graph
[NX Daemon Server] - 2023-11-11T21:44:23.508Z - Handled REQUEST_PROJECT_GRAPH. Handling time: 0. Response time: 1.
[NX Daemon Server] - 2023-11-11T21:44:23.531Z - [REQUEST]: Responding to the client. handleRequestFileData
[NX Daemon Server] - 2023-11-11T21:44:23.531Z - Done responding to the client handleRequestFileData
[NX Daemon Server] - 2023-11-11T21:44:23.531Z - Handled REQUEST_FILE_DATA. Handling time: 0. Response time: 0.
[NX Daemon Server] - 2023-11-11T21:44:23.548Z - Closed a connection. Number of open connections: 1
[NX Daemon Server] - 2023-11-11T21:44:52.068Z - Established a connection. Number of open connections: 2
[NX Daemon Server] - 2023-11-11T21:44:52.068Z - Closed a connection. Number of open connections: 1
[NX Daemon Server] - 2023-11-11T21:44:52.068Z - Established a connection. Number of open connections: 2
[NX Daemon Server] - 2023-11-11T21:44:52.069Z - [REQUEST]: Client Request for Project Graph Received
[NX Daemon Server] - 2023-11-11T21:44:52.069Z - [REQUEST]: Responding to the client. project-graph
[NX Daemon Server] - 2023-11-11T21:44:52.070Z - Time taken for 'total for creating and serializing project graph' 0.053082942962646484ms
[NX Daemon Server] - 2023-11-11T21:44:52.073Z - Done responding to the client project-graph
[NX Daemon Server] - 2023-11-11T21:44:52.074Z - Handled REQUEST_PROJECT_GRAPH. Handling time: 0. Response time: 5.
[NX Daemon Server] - 2023-11-11T21:44:52.087Z - [REQUEST]: Client Request for Project Graph Received
[NX Daemon Server] - 2023-11-11T21:44:52.087Z - [REQUEST]: Responding to the client. project-graph
[NX Daemon Server] - 2023-11-11T21:44:52.088Z - Time taken for 'total for creating and serializing project graph' 0.08504104614257812ms
[NX Daemon Server] - 2023-11-11T21:44:52.089Z - Done responding to the client project-graph
[NX Daemon Server] - 2023-11-11T21:44:52.089Z - Handled REQUEST_PROJECT_GRAPH. Handling time: 0. Response time: 2.
[NX Daemon Server] - 2023-11-11T21:44:52.093Z - [REQUEST]: Client Request for Project Graph Received
[NX Daemon Server] - 2023-11-11T21:44:52.093Z - [REQUEST]: Responding to the client. project-graph
[NX Daemon Server] - 2023-11-11T21:44:52.094Z - Time taken for 'total for creating and serializing project graph' 0.0887908935546875ms
[NX Daemon Server] - 2023-11-11T21:44:52.094Z - Done responding to the client project-graph
[NX Daemon Server] - 2023-11-11T21:44:52.094Z - Handled REQUEST_PROJECT_GRAPH. Handling time: 0. Response time: 1.
[NX Daemon Server] - 2023-11-11T21:44:52.118Z - [REQUEST]: Responding to the client. handleRequestFileData
[NX Daemon Server] - 2023-11-11T21:44:52.118Z - Done responding to the client handleRequestFileData
[NX Daemon Server] - 2023-11-11T21:44:52.118Z - Handled REQUEST_FILE_DATA. Handling time: 1. Response time: 0.
[NX Daemon Server] - 2023-11-11T21:44:52.136Z - Closed a connection. Number of open connections: 1
[NX Daemon Server] - 2023-11-11T21:44:52.460Z - Established a connection. Number of open connections: 2
[NX Daemon Server] - 2023-11-11T21:44:52.460Z - Closed a connection. Number of open connections: 1
[NX Daemon Server] - 2023-11-11T21:44:52.461Z - Established a connection. Number of open connections: 2
[NX Daemon Server] - 2023-11-11T21:44:52.461Z - [REQUEST]: Client Request for Project Graph Received
[NX Daemon Server] - 2023-11-11T21:44:52.462Z - [REQUEST]: Responding to the client. project-graph
[NX Daemon Server] - 2023-11-11T21:44:52.462Z - Time taken for 'total for creating and serializing project graph' 0.053375244140625ms
[NX Daemon Server] - 2023-11-11T21:44:52.466Z - Done responding to the client project-graph
[NX Daemon Server] - 2023-11-11T21:44:52.466Z - Handled REQUEST_PROJECT_GRAPH. Handling time: 1. Response time: 4.
[NX Daemon Server] - 2023-11-11T21:44:52.476Z - [REQUEST]: Client Request for Project Graph Received
[NX Daemon Server] - 2023-11-11T21:44:52.477Z - [REQUEST]: Responding to the client. project-graph
[NX Daemon Server] - 2023-11-11T21:44:52.478Z - Time taken for 'total for creating and serializing project graph' 0.12358283996582031ms
[NX Daemon Server] - 2023-11-11T21:44:52.478Z - Done responding to the client project-graph
[NX Daemon Server] - 2023-11-11T21:44:52.478Z - Handled REQUEST_PROJECT_GRAPH. Handling time: 1. Response time: 1.
[NX Daemon Server] - 2023-11-11T21:44:52.482Z - [REQUEST]: Client Request for Project Graph Received
[NX Daemon Server] - 2023-11-11T21:44:52.482Z - [REQUEST]: Responding to the client. project-graph
[NX Daemon Server] - 2023-11-11T21:44:52.483Z - Time taken for 'total for creating and serializing project graph' 0.0970001220703125ms
[NX Daemon Server] - 2023-11-11T21:44:52.483Z - Done responding to the client project-graph
[NX Daemon Server] - 2023-11-11T21:44:52.483Z - Handled REQUEST_PROJECT_GRAPH. Handling time: 0. Response time: 1.
[NX Daemon Server] - 2023-11-11T21:44:52.506Z - [REQUEST]: Responding to the client. handleRequestFileData
[NX Daemon Server] - 2023-11-11T21:44:52.506Z - Done responding to the client handleRequestFileData
[NX Daemon Server] - 2023-11-11T21:44:52.506Z - Handled REQUEST_FILE_DATA. Handling time: 0. Response time: 0.
[NX Daemon Server] - 2023-11-11T21:44:52.523Z - Closed a connection. Number of open connections: 1
[NX Daemon Server] - 2023-11-11T21:45:04.292Z - Established a connection. Number of open connections: 2
[NX Daemon Server] - 2023-11-11T21:45:04.292Z - Closed a connection. Number of open connections: 1
[NX Daemon Server] - 2023-11-11T21:45:04.292Z - Established a connection. Number of open connections: 2
[NX Daemon Server] - 2023-11-11T21:45:04.293Z - [REQUEST]: Client Request for Project Graph Received
[NX Daemon Server] - 2023-11-11T21:45:04.293Z - [REQUEST]: Responding to the client. project-graph
[NX Daemon Server] - 2023-11-11T21:45:04.295Z - Time taken for 'total for creating and serializing project graph' 0.09008407592773438ms
[NX Daemon Server] - 2023-11-11T21:45:04.297Z - Done responding to the client project-graph
[NX Daemon Server] - 2023-11-11T21:45:04.297Z - Handled REQUEST_PROJECT_GRAPH. Handling time: 0. Response time: 4.
[NX Daemon Server] - 2023-11-11T21:45:04.308Z - [REQUEST]: Client Request for Project Graph Received
[NX Daemon Server] - 2023-11-11T21:45:04.308Z - [REQUEST]: Responding to the client. project-graph
[NX Daemon Server] - 2023-11-11T21:45:04.309Z - Time taken for 'total for creating and serializing project graph' 0.12191581726074219ms
[NX Daemon Server] - 2023-11-11T21:45:04.310Z - Done responding to the client project-graph
[NX Daemon Server] - 2023-11-11T21:45:04.310Z - Handled REQUEST_PROJECT_GRAPH. Handling time: 0. Response time: 2.
[NX Daemon Server] - 2023-11-11T21:45:04.313Z - [REQUEST]: Client Request for Project Graph Received
[NX Daemon Server] - 2023-11-11T21:45:04.313Z - [REQUEST]: Responding to the client. project-graph
[NX Daemon Server] - 2023-11-11T21:45:04.314Z - Time taken for 'total for creating and serializing project graph' 0.06524991989135742ms
[NX Daemon Server] - 2023-11-11T21:45:04.315Z - Done responding to the client project-graph
[NX Daemon Server] - 2023-11-11T21:45:04.315Z - Handled REQUEST_PROJECT_GRAPH. Handling time: 0. Response time: 2.
[NX Daemon Server] - 2023-11-11T21:45:04.338Z - [REQUEST]: Responding to the client. handleRequestFileData
[NX Daemon Server] - 2023-11-11T21:45:04.338Z - Done responding to the client handleRequestFileData
[NX Daemon Server] - 2023-11-11T21:45:04.338Z - Handled REQUEST_FILE_DATA. Handling time: 0. Response time: 0.
[NX Daemon Server] - 2023-11-11T21:45:04.355Z - Closed a connection. Number of open connections: 1
[NX Daemon Server] - 2023-11-11T21:45:04.690Z - Established a connection. Number of open connections: 2
[NX Daemon Server] - 2023-11-11T21:45:04.690Z - Closed a connection. Number of open connections: 1
[NX Daemon Server] - 2023-11-11T21:45:04.690Z - Established a connection. Number of open connections: 2
[NX Daemon Server] - 2023-11-11T21:45:04.691Z - [REQUEST]: Client Request for Project Graph Received
[NX Daemon Server] - 2023-11-11T21:45:04.692Z - [REQUEST]: Responding to the client. project-graph
[NX Daemon Server] - 2023-11-11T21:45:04.693Z - Time taken for 'total for creating and serializing project graph' 0.09987497329711914ms
[NX Daemon Server] - 2023-11-11T21:45:04.704Z - Done responding to the client project-graph
[NX Daemon Server] - 2023-11-11T21:45:04.704Z - Handled REQUEST_PROJECT_GRAPH. Handling time: 1. Response time: 12.
[NX Daemon Server] - 2023-11-11T21:45:04.718Z - [REQUEST]: Client Request for Project Graph Received
[NX Daemon Server] - 2023-11-11T21:45:04.722Z - [REQUEST]: Responding to the client. project-graph
[NX Daemon Server] - 2023-11-11T21:45:04.724Z - Time taken for 'total for creating and serializing project graph' 4.011082649230957ms
[NX Daemon Server] - 2023-11-11T21:45:04.725Z - Done responding to the client project-graph
[NX Daemon Server] - 2023-11-11T21:45:04.726Z - Handled REQUEST_PROJECT_GRAPH. Handling time: 4. Response time: 4.
[NX Daemon Server] - 2023-11-11T21:45:04.729Z - [REQUEST]: Client Request for Project Graph Received
[NX Daemon Server] - 2023-11-11T21:45:04.729Z - [REQUEST]: Responding to the client. project-graph
[NX Daemon Server] - 2023-11-11T21:45:04.730Z - Time taken for 'total for creating and serializing project graph' 0.11124992370605469ms
[NX Daemon Server] - 2023-11-11T21:45:04.731Z - Done responding to the client project-graph
[NX Daemon Server] - 2023-11-11T21:45:04.731Z - Handled REQUEST_PROJECT_GRAPH. Handling time: 0. Response time: 2.
[NX Daemon Server] - 2023-11-11T21:45:04.755Z - [REQUEST]: Responding to the client. handleRequestFileData
[NX Daemon Server] - 2023-11-11T21:45:04.755Z - Done responding to the client handleRequestFileData
[NX Daemon Server] - 2023-11-11T21:45:04.755Z - Handled REQUEST_FILE_DATA. Handling time: 0. Response time: 0.
[NX Daemon Server] - 2023-11-11T21:45:04.771Z - Closed a connection. Number of open connections: 1
[NX Daemon Server] - 2023-11-11T21:46:35.507Z - Established a connection. Number of open connections: 2
[NX Daemon Server] - 2023-11-11T21:46:35.508Z - Established a connection. Number of open connections: 3
[NX Daemon Server] - 2023-11-11T21:46:35.508Z - Closed a connection. Number of open connections: 2
[NX Daemon Server] - 2023-11-11T21:46:35.509Z - [REQUEST]: Client Request for Project Graph Received
[NX Daemon Server] - 2023-11-11T21:46:35.509Z - [REQUEST]: Responding to the client. project-graph
[NX Daemon Server] - 2023-11-11T21:46:35.510Z - Time taken for 'total for creating and serializing project graph' 0.12325000762939453ms
[NX Daemon Server] - 2023-11-11T21:46:35.514Z - Done responding to the client project-graph
[NX Daemon Server] - 2023-11-11T21:46:35.514Z - Handled REQUEST_PROJECT_GRAPH. Handling time: 0. Response time: 5.
[NX Daemon Server] - 2023-11-11T21:46:35.528Z - [REQUEST]: Client Request for Project Graph Received
[NX Daemon Server] - 2023-11-11T21:46:35.529Z - [REQUEST]: Responding to the client. project-graph
[NX Daemon Server] - 2023-11-11T21:46:35.531Z - Time taken for 'total for creating and serializing project graph' 0.14937496185302734ms
[NX Daemon Server] - 2023-11-11T21:46:35.532Z - Done responding to the client project-graph
[NX Daemon Server] - 2023-11-11T21:46:35.532Z - Handled REQUEST_PROJECT_GRAPH. Handling time: 1. Response time: 3.
[NX Daemon Server] - 2023-11-11T21:46:35.536Z - [REQUEST]: Client Request for Project Graph Received
[NX Daemon Server] - 2023-11-11T21:46:35.536Z - [REQUEST]: Responding to the client. project-graph
[NX Daemon Server] - 2023-11-11T21:46:35.537Z - Time taken for 'total for creating and serializing project graph' 0.0668330192565918ms
[NX Daemon Server] - 2023-11-11T21:46:35.538Z - Done responding to the client project-graph
[NX Daemon Server] - 2023-11-11T21:46:35.538Z - Handled REQUEST_PROJECT_GRAPH. Handling time: 0. Response time: 2.
[NX Daemon Server] - 2023-11-11T21:46:35.561Z - [REQUEST]: Responding to the client. handleRequestFileData
[NX Daemon Server] - 2023-11-11T21:46:35.561Z - Done responding to the client handleRequestFileData
[NX Daemon Server] - 2023-11-11T21:46:35.561Z - Handled REQUEST_FILE_DATA. Handling time: 0. Response time: 0.
[NX Daemon Server] - 2023-11-11T21:46:35.579Z - Closed a connection. Number of open connections: 1
[NX Daemon Server] - 2023-11-11T21:46:35.902Z - Established a connection. Number of open connections: 2
[NX Daemon Server] - 2023-11-11T21:46:35.902Z - Closed a connection. Number of open connections: 1
[NX Daemon Server] - 2023-11-11T21:46:35.903Z - Established a connection. Number of open connections: 2
[NX Daemon Server] - 2023-11-11T21:46:35.904Z - [REQUEST]: Client Request for Project Graph Received
[NX Daemon Server] - 2023-11-11T21:46:35.904Z - [REQUEST]: Responding to the client. project-graph
[NX Daemon Server] - 2023-11-11T21:46:35.904Z - Time taken for 'total for creating and serializing project graph' 0.05870866775512695ms
[NX Daemon Server] - 2023-11-11T21:46:35.908Z - Done responding to the client project-graph
[NX Daemon Server] - 2023-11-11T21:46:35.908Z - Handled REQUEST_PROJECT_GRAPH. Handling time: 0. Response time: 4.
[NX Daemon Server] - 2023-11-11T21:46:35.919Z - [REQUEST]: Client Request for Project Graph Received
[NX Daemon Server] - 2023-11-11T21:46:35.920Z - [REQUEST]: Responding to the client. project-graph
[NX Daemon Server] - 2023-11-11T21:46:35.921Z - Time taken for 'total for creating and serializing project graph' 0.08599996566772461ms
[NX Daemon Server] - 2023-11-11T21:46:35.921Z - Done responding to the client project-graph
[NX Daemon Server] - 2023-11-11T21:46:35.921Z - Handled REQUEST_PROJECT_GRAPH. Handling time: 1. Response time: 1.
[NX Daemon Server] - 2023-11-11T21:46:35.925Z - [REQUEST]: Client Request for Project Graph Received
[NX Daemon Server] - 2023-11-11T21:46:35.925Z - [REQUEST]: Responding to the client. project-graph
[NX Daemon Server] - 2023-11-11T21:46:35.926Z - Time taken for 'total for creating and serializing project graph' 0.09166574478149414ms
[NX Daemon Server] - 2023-11-11T21:46:35.926Z - Done responding to the client project-graph
[NX Daemon Server] - 2023-11-11T21:46:35.926Z - Handled REQUEST_PROJECT_GRAPH. Handling time: 0. Response time: 1.
[NX Daemon Server] - 2023-11-11T21:46:35.949Z - [REQUEST]: Responding to the client. handleRequestFileData
[NX Daemon Server] - 2023-11-11T21:46:35.949Z - Done responding to the client handleRequestFileData
[NX Daemon Server] - 2023-11-11T21:46:35.949Z - Handled REQUEST_FILE_DATA. Handling time: 0. Response time: 0.
[NX Daemon Server] - 2023-11-11T21:46:35.966Z - Closed a connection. Number of open connections: 1
[NX Daemon Server] - 2023-11-11T21:46:45.302Z - Established a connection. Number of open connections: 2
[NX Daemon Server] - 2023-11-11T21:46:45.302Z - Closed a connection. Number of open connections: 1
[NX Daemon Server] - 2023-11-11T21:46:45.303Z - Established a connection. Number of open connections: 2
[NX Daemon Server] - 2023-11-11T21:46:45.304Z - [REQUEST]: Client Request for Project Graph Received
[NX Daemon Server] - 2023-11-11T21:46:45.304Z - [REQUEST]: Responding to the client. project-graph
[NX Daemon Server] - 2023-11-11T21:46:45.305Z - Time taken for 'total for creating and serializing project graph' 0.052374839782714844ms
[NX Daemon Server] - 2023-11-11T21:46:45.307Z - Done responding to the client project-graph
[NX Daemon Server] - 2023-11-11T21:46:45.307Z - Handled REQUEST_PROJECT_GRAPH. Handling time: 0. Response time: 3.
[NX Daemon Server] - 2023-11-11T21:46:45.353Z - [REQUEST]: Responding to the client. handleHashTasks
[NX Daemon Server] - 2023-11-11T21:46:45.353Z - Done responding to the client handleHashTasks
[NX Daemon Server] - 2023-11-11T21:46:45.353Z - Handled HASH_TASKS. Handling time: 21. Response time: 0.
[NX Daemon Server] - 2023-11-11T21:46:45.954Z - Established a connection. Number of open connections: 3
[NX Daemon Server] - 2023-11-11T21:46:45.954Z - Closed a connection. Number of open connections: 2
[NX Daemon Server] - 2023-11-11T21:46:45.955Z - Established a connection. Number of open connections: 3
[NX Daemon Server] - 2023-11-11T21:46:45.955Z - [REQUEST]: Client Request for Project Graph Received
[NX Daemon Server] - 2023-11-11T21:46:45.955Z - [REQUEST]: Responding to the client. project-graph
[NX Daemon Server] - 2023-11-11T21:46:45.956Z - Time taken for 'total for creating and serializing project graph' 0.046916961669921875ms
[NX Daemon Server] - 2023-11-11T21:46:45.958Z - Done responding to the client project-graph
[NX Daemon Server] - 2023-11-11T21:46:45.958Z - Handled REQUEST_PROJECT_GRAPH. Handling time: 0. Response time: 3.
[NX Daemon Server] - 2023-11-11T21:46:49.537Z - [WATCHER]: Processing file changes in outputs
[NX Daemon Server] - 2023-11-11T21:46:51.440Z - [WATCHER]: Processing file changes in outputs
[NX Daemon Server] - 2023-11-11T21:46:52.640Z - [WATCHER]: Processing file changes in outputs
[NX Daemon Server] - 2023-11-11T21:47:14.586Z - [WATCHER]: Processing file changes in outputs
[NX Daemon Server] - 2023-11-11T21:53:36.778Z - [WATCHER]: src/app/app.component.html was modified
[NX Daemon Server] - 2023-11-11T21:53:36.778Z - [WATCHER]: Processing file changes in outputs
[NX Daemon Server] - 2023-11-11T21:53:36.901Z - [REQUEST]: Updated file-hasher based on watched changes, recomputing project graph...
[NX Daemon Server] - 2023-11-11T21:53:36.901Z - [REQUEST]: src/app/app.component.html
[NX Daemon Server] - 2023-11-11T21:53:36.901Z - [REQUEST]: 
[NX Daemon Server] - 2023-11-11T21:53:36.932Z - Time taken for 'hash changed files from watcher' 0.7579998970031738ms
[NX Daemon Server] - 2023-11-11T21:53:37.428Z - [WATCHER]: Processing file changes in outputs
[NX Daemon Server] - 2023-11-11T21:53:37.633Z - Closed a connection. Number of open connections: 2
[NX Daemon Server] - 2023-11-11T21:53:37.636Z - [REQUEST]: Responding to the client. recordOutputsHash
[NX Daemon Server] - 2023-11-11T21:53:37.637Z - Done responding to the client recordOutputsHash
[NX Daemon Server] - 2023-11-11T21:53:37.637Z - Handled RECORD_OUTPUTS_HASH. Handling time: 0. Response time: 1.
[NX Daemon Server] - 2023-11-11T21:53:37.733Z - [REQUEST]: Responding to the client. PROCESS_IN_BACKGROUND
[NX Daemon Server] - 2023-11-11T21:53:37.733Z - Done responding to the client PROCESS_IN_BACKGROUND
[NX Daemon Server] - 2023-11-11T21:53:37.733Z - Handled PROCESS_IN_BACKGROUND. Handling time: 61. Response time: 0.
[NX Daemon Server] - 2023-11-11T21:53:37.734Z - Uploading file artifacts
[NX Daemon Server] - 2023-11-11T21:53:37.734Z - Done uploading file artifacts
[NX Daemon Server] - 2023-11-11T21:53:37.734Z - Sending EndRun request
[NX Daemon Server] - 2023-11-11T21:53:37.755Z - Closed a connection. Number of open connections: 1
[NX Daemon Server] - 2023-11-11T21:53:37.863Z - Done sending EndRun request
[NX Daemon Server] - 2023-11-11T22:00:48.062Z - Established a connection. Number of open connections: 2
[NX Daemon Server] - 2023-11-11T22:00:48.063Z - Established a connection. Number of open connections: 3
[NX Daemon Server] - 2023-11-11T22:00:48.064Z - Closed a connection. Number of open connections: 2
[NX Daemon Server] - 2023-11-11T22:00:48.065Z - [REQUEST]: Client Request for Project Graph Received
[NX Daemon Server] - 2023-11-11T22:00:48.065Z - [REQUEST]: Responding to the client. project-graph
[NX Daemon Server] - 2023-11-11T22:00:48.066Z - Time taken for 'total for creating and serializing project graph' 0.18791675567626953ms
[NX Daemon Server] - 2023-11-11T22:00:48.070Z - Done responding to the client project-graph
[NX Daemon Server] - 2023-11-11T22:00:48.070Z - Handled REQUEST_PROJECT_GRAPH. Handling time: 0. Response time: 5.
[NX Daemon Server] - 2023-11-11T22:00:48.087Z - [REQUEST]: Client Request for Project Graph Received
[NX Daemon Server] - 2023-11-11T22:00:48.087Z - [REQUEST]: Responding to the client. project-graph
[NX Daemon Server] - 2023-11-11T22:00:48.088Z - Time taken for 'total for creating and serializing project graph' 0.08645820617675781ms
[NX Daemon Server] - 2023-11-11T22:00:48.089Z - Done responding to the client project-graph
[NX Daemon Server] - 2023-11-11T22:00:48.089Z - Handled REQUEST_PROJECT_GRAPH. Handling time: 0. Response time: 2.
[NX Daemon Server] - 2023-11-11T22:00:48.092Z - [REQUEST]: Client Request for Project Graph Received
[NX Daemon Server] - 2023-11-11T22:00:48.092Z - [REQUEST]: Responding to the client. project-graph
[NX Daemon Server] - 2023-11-11T22:00:48.093Z - Time taken for 'total for creating and serializing project graph' 0.05704212188720703ms
[NX Daemon Server] - 2023-11-11T22:00:48.094Z - Done responding to the client project-graph
[NX Daemon Server] - 2023-11-11T22:00:48.094Z - Handled REQUEST_PROJECT_GRAPH. Handling time: 0. Response time: 2.
[NX Daemon Server] - 2023-11-11T22:00:48.117Z - [REQUEST]: Responding to the client. handleRequestFileData
[NX Daemon Server] - 2023-11-11T22:00:48.117Z - Done responding to the client handleRequestFileData
[NX Daemon Server] - 2023-11-11T22:00:48.117Z - Handled REQUEST_FILE_DATA. Handling time: 0. Response time: 0.
[NX Daemon Server] - 2023-11-11T22:00:48.135Z - Closed a connection. Number of open connections: 1
[NX Daemon Server] - 2023-11-11T22:00:48.462Z - Established a connection. Number of open connections: 2
[NX Daemon Server] - 2023-11-11T22:00:48.462Z - Closed a connection. Number of open connections: 1
[NX Daemon Server] - 2023-11-11T22:00:48.462Z - Established a connection. Number of open connections: 2
[NX Daemon Server] - 2023-11-11T22:00:48.463Z - [REQUEST]: Client Request for Project Graph Received
[NX Daemon Server] - 2023-11-11T22:00:48.464Z - [REQUEST]: Responding to the client. project-graph
[NX Daemon Server] - 2023-11-11T22:00:48.465Z - Time taken for 'total for creating and serializing project graph' 0.07262516021728516ms
[NX Daemon Server] - 2023-11-11T22:00:48.468Z - Done responding to the client project-graph
[NX Daemon Server] - 2023-11-11T22:00:48.468Z - Handled REQUEST_PROJECT_GRAPH. Handling time: 1. Response time: 4.
[NX Daemon Server] - 2023-11-11T22:00:48.479Z - [REQUEST]: Client Request for Project Graph Received
[NX Daemon Server] - 2023-11-11T22:00:48.479Z - [REQUEST]: Responding to the client. project-graph
[NX Daemon Server] - 2023-11-11T22:00:48.483Z - Time taken for 'total for creating and serializing project graph' 0.14483404159545898ms
[NX Daemon Server] - 2023-11-11T22:00:48.484Z - Done responding to the client project-graph
[NX Daemon Server] - 2023-11-11T22:00:48.484Z - Handled REQUEST_PROJECT_GRAPH. Handling time: 0. Response time: 5.
[NX Daemon Server] - 2023-11-11T22:00:48.489Z - [REQUEST]: Client Request for Project Graph Received
[NX Daemon Server] - 2023-11-11T22:00:48.489Z - [REQUEST]: Responding to the client. project-graph
[NX Daemon Server] - 2023-11-11T22:00:48.490Z - Time taken for 'total for creating and serializing project graph' 0.1397080421447754ms
[NX Daemon Server] - 2023-11-11T22:00:48.490Z - Done responding to the client project-graph
[NX Daemon Server] - 2023-11-11T22:00:48.490Z - Handled REQUEST_PROJECT_GRAPH. Handling time: 0. Response time: 1.
[NX Daemon Server] - 2023-11-11T22:00:48.515Z - [REQUEST]: Responding to the client. handleRequestFileData
[NX Daemon Server] - 2023-11-11T22:00:48.515Z - Done responding to the client handleRequestFileData
[NX Daemon Server] - 2023-11-11T22:00:48.515Z - Handled REQUEST_FILE_DATA. Handling time: 0. Response time: 0.
[NX Daemon Server] - 2023-11-11T22:00:48.532Z - Closed a connection. Number of open connections: 1
[NX Daemon Server] - 2023-11-11T22:00:52.076Z - Established a connection. Number of open connections: 2
[NX Daemon Server] - 2023-11-11T22:00:52.077Z - Closed a connection. Number of open connections: 1
[NX Daemon Server] - 2023-11-11T22:00:52.077Z - Established a connection. Number of open connections: 2
[NX Daemon Server] - 2023-11-11T22:00:52.079Z - [REQUEST]: Client Request for Project Graph Received
[NX Daemon Server] - 2023-11-11T22:00:52.079Z - [REQUEST]: Responding to the client. project-graph
[NX Daemon Server] - 2023-11-11T22:00:52.080Z - Time taken for 'total for creating and serializing project graph' 0.09108304977416992ms
[NX Daemon Server] - 2023-11-11T22:00:52.082Z - Done responding to the client project-graph
[NX Daemon Server] - 2023-11-11T22:00:52.082Z - Handled REQUEST_PROJECT_GRAPH. Handling time: 0. Response time: 3.
[NX Daemon Server] - 2023-11-11T22:00:52.127Z - [REQUEST]: Responding to the client. handleHashTasks
[NX Daemon Server] - 2023-11-11T22:00:52.127Z - Done responding to the client handleHashTasks
[NX Daemon Server] - 2023-11-11T22:00:52.127Z - Handled HASH_TASKS. Handling time: 17. Response time: 0.
[NX Daemon Server] - 2023-11-11T22:00:52.379Z - Established a connection. Number of open connections: 3
[NX Daemon Server] - 2023-11-11T22:00:52.380Z - Closed a connection. Number of open connections: 2
[NX Daemon Server] - 2023-11-11T22:00:52.380Z - Established a connection. Number of open connections: 3
[NX Daemon Server] - 2023-11-11T22:00:52.381Z - [REQUEST]: Client Request for Project Graph Received
[NX Daemon Server] - 2023-11-11T22:00:52.381Z - [REQUEST]: Responding to the client. project-graph
[NX Daemon Server] - 2023-11-11T22:00:52.382Z - Time taken for 'total for creating and serializing project graph' 0.053791046142578125ms
[NX Daemon Server] - 2023-11-11T22:00:52.385Z - Done responding to the client project-graph
[NX Daemon Server] - 2023-11-11T22:00:52.385Z - Handled REQUEST_PROJECT_GRAPH. Handling time: 0. Response time: 4.
[NX Daemon Server] - 2023-11-11T22:00:53.883Z - [WATCHER]: Processing file changes in outputs
[NX Daemon Server] - 2023-11-11T22:03:47.782Z - Established a connection. Number of open connections: 4
[NX Daemon Server] - 2023-11-11T22:03:47.782Z - Established a connection. Number of open connections: 5
[NX Daemon Server] - 2023-11-11T22:03:47.782Z - Closed a connection. Number of open connections: 4
[NX Daemon Server] - 2023-11-11T22:03:47.783Z - [REQUEST]: Client Request for Project Graph Received
[NX Daemon Server] - 2023-11-11T22:03:47.784Z - [REQUEST]: Responding to the client. project-graph
[NX Daemon Server] - 2023-11-11T22:03:47.785Z - Time taken for 'total for creating and serializing project graph' 0.1333332061767578ms
[NX Daemon Server] - 2023-11-11T22:03:47.787Z - Done responding to the client project-graph
[NX Daemon Server] - 2023-11-11T22:03:47.787Z - Handled REQUEST_PROJECT_GRAPH. Handling time: 1. Response time: 3.
[NX Daemon Server] - 2023-11-11T22:03:47.794Z - Closed a connection. Number of open connections: 3
[NX Daemon Server] - 2023-11-11T22:04:04.350Z - Established a connection. Number of open connections: 4
[NX Daemon Server] - 2023-11-11T22:04:04.350Z - Closed a connection. Number of open connections: 3
[NX Daemon Server] - 2023-11-11T22:04:04.350Z - Established a connection. Number of open connections: 4
[NX Daemon Server] - 2023-11-11T22:04:04.351Z - [REQUEST]: Client Request for Project Graph Received
[NX Daemon Server] - 2023-11-11T22:04:04.352Z - [REQUEST]: Responding to the client. project-graph
[NX Daemon Server] - 2023-11-11T22:04:04.353Z - Time taken for 'total for creating and serializing project graph' 0.0731668472290039ms
[NX Daemon Server] - 2023-11-11T22:04:04.354Z - Done responding to the client project-graph
[NX Daemon Server] - 2023-11-11T22:04:04.354Z - Handled REQUEST_PROJECT_GRAPH. Handling time: 1. Response time: 2.
[NX Daemon Server] - 2023-11-11T22:04:04.660Z - Closed a connection. Number of open connections: 3
[NX Daemon Server] - 2023-11-11T22:04:44.681Z - Established a connection. Number of open connections: 4
[NX Daemon Server] - 2023-11-11T22:04:44.681Z - Closed a connection. Number of open connections: 3
[NX Daemon Server] - 2023-11-11T22:04:44.681Z - Established a connection. Number of open connections: 4
[NX Daemon Server] - 2023-11-11T22:04:44.683Z - [REQUEST]: Client Request for Project Graph Received
[NX Daemon Server] - 2023-11-11T22:04:44.683Z - [REQUEST]: Responding to the client. project-graph
[NX Daemon Server] - 2023-11-11T22:04:44.684Z - Time taken for 'total for creating and serializing project graph' 0.07416677474975586ms
[NX Daemon Server] - 2023-11-11T22:04:44.685Z - Done responding to the client project-graph
[NX Daemon Server] - 2023-11-11T22:04:44.685Z - Handled REQUEST_PROJECT_GRAPH. Handling time: 0. Response time: 2.
[NX Daemon Server] - 2023-11-11T22:04:44.978Z - Closed a connection. Number of open connections: 3
[NX Daemon Server] - 2023-11-11T22:04:46.014Z - Established a connection. Number of open connections: 4
[NX Daemon Server] - 2023-11-11T22:04:46.014Z - Closed a connection. Number of open connections: 3
[NX Daemon Server] - 2023-11-11T22:04:46.014Z - Established a connection. Number of open connections: 4
[NX Daemon Server] - 2023-11-11T22:04:46.015Z - [REQUEST]: Client Request for Project Graph Received
[NX Daemon Server] - 2023-11-11T22:04:46.015Z - [REQUEST]: Responding to the client. project-graph
[NX Daemon Server] - 2023-11-11T22:04:46.016Z - Time taken for 'total for creating and serializing project graph' 0.05424976348876953ms
[NX Daemon Server] - 2023-11-11T22:04:46.017Z - Done responding to the client project-graph
[NX Daemon Server] - 2023-11-11T22:04:46.017Z - Handled REQUEST_PROJECT_GRAPH. Handling time: 0. Response time: 2.
[NX Daemon Server] - 2023-11-11T22:04:46.254Z - Closed a connection. Number of open connections: 3
[NX Daemon Server] - 2023-11-11T22:05:00.180Z - Established a connection. Number of open connections: 4
[NX Daemon Server] - 2023-11-11T22:05:00.180Z - Closed a connection. Number of open connections: 3
[NX Daemon Server] - 2023-11-11T22:05:00.180Z - Established a connection. Number of open connections: 4
[NX Daemon Server] - 2023-11-11T22:05:00.182Z - [REQUEST]: Client Request for Project Graph Received
[NX Daemon Server] - 2023-11-11T22:05:00.182Z - [REQUEST]: Responding to the client. project-graph
[NX Daemon Server] - 2023-11-11T22:05:00.183Z - Time taken for 'total for creating and serializing project graph' 0.0802922248840332ms
[NX Daemon Server] - 2023-11-11T22:05:00.185Z - Done responding to the client project-graph
[NX Daemon Server] - 2023-11-11T22:05:00.185Z - Handled REQUEST_PROJECT_GRAPH. Handling time: 0. Response time: 3.
[NX Daemon Server] - 2023-11-11T22:05:00.486Z - Closed a connection. Number of open connections: 3
[NX Daemon Server] - 2023-11-11T22:05:00.547Z - [WATCHER]: 2 file(s) created or restored, 0 file(s) modified, 0 file(s) deleted
[NX Daemon Server] - 2023-11-11T22:05:00.547Z - [WATCHER]: Processing file changes in outputs
[NX Daemon Server] - 2023-11-11T22:05:00.660Z - [REQUEST]: Updated file-hasher based on watched changes, recomputing project graph...
[NX Daemon Server] - 2023-11-11T22:05:00.660Z - [REQUEST]: src/app/square/square.component.ts,src/app/square/square.component.spec.ts
[NX Daemon Server] - 2023-11-11T22:05:00.660Z - [REQUEST]: 
[NX Daemon Server] - 2023-11-11T22:05:00.688Z - Time taken for 'hash changed files from watcher' 0.36020898818969727ms
[NX Daemon Server] - 2023-11-11T22:07:22.812Z - [WATCHER]: src/app/app.component.ts was modified
[NX Daemon Server] - 2023-11-11T22:07:22.812Z - [WATCHER]: Processing file changes in outputs
[NX Daemon Server] - 2023-11-11T22:07:23.030Z - [REQUEST]: Updated file-hasher based on watched changes, recomputing project graph...
[NX Daemon Server] - 2023-11-11T22:07:23.030Z - [REQUEST]: src/app/app.component.ts
[NX Daemon Server] - 2023-11-11T22:07:23.030Z - [REQUEST]: 
[NX Daemon Server] - 2023-11-11T22:07:23.059Z - Time taken for 'hash changed files from watcher' 0.516334056854248ms
[NX Daemon Server] - 2023-11-11T22:07:23.744Z - [WATCHER]: Processing file changes in outputs
[NX Daemon Server] - 2023-11-11T22:07:24.676Z - [WATCHER]: src/app/app.component.html was modified
[NX Daemon Server] - 2023-11-11T22:07:24.676Z - [WATCHER]: Processing file changes in outputs
[NX Daemon Server] - 2023-11-11T22:07:25.084Z - [REQUEST]: Updated file-hasher based on watched changes, recomputing project graph...
[NX Daemon Server] - 2023-11-11T22:07:25.084Z - [REQUEST]: src/app/app.component.html
[NX Daemon Server] - 2023-11-11T22:07:25.084Z - [REQUEST]: 
[NX Daemon Server] - 2023-11-11T22:07:25.105Z - [WATCHER]: Processing file changes in outputs
[NX Daemon Server] - 2023-11-11T22:07:25.106Z - Time taken for 'hash changed files from watcher' 0.14491605758666992ms
[NX Daemon Server] - 2023-11-11T22:07:43.627Z - Closed a connection. Number of open connections: 2
[NX Daemon Server] - 2023-11-11T22:07:43.630Z - [REQUEST]: Responding to the client. recordOutputsHash
[NX Daemon Server] - 2023-11-11T22:07:43.631Z - Done responding to the client recordOutputsHash
[NX Daemon Server] - 2023-11-11T22:07:43.631Z - Handled RECORD_OUTPUTS_HASH. Handling time: 0. Response time: 1.
[NX Daemon Server] - 2023-11-11T22:07:43.666Z - Closed a connection. Number of open connections: 1
[NX Daemon Server] - 2023-11-11T22:07:51.732Z - Established a connection. Number of open connections: 2
[NX Daemon Server] - 2023-11-11T22:07:51.733Z - Closed a connection. Number of open connections: 1
[NX Daemon Server] - 2023-11-11T22:07:51.733Z - Established a connection. Number of open connections: 2
[NX Daemon Server] - 2023-11-11T22:07:51.734Z - [REQUEST]: Client Request for Project Graph Received
[NX Daemon Server] - 2023-11-11T22:07:51.734Z - [REQUEST]: Responding to the client. project-graph
[NX Daemon Server] - 2023-11-11T22:07:51.735Z - Time taken for 'total for creating and serializing project graph' 0.09349966049194336ms
[NX Daemon Server] - 2023-11-11T22:07:51.738Z - Done responding to the client project-graph
[NX Daemon Server] - 2023-11-11T22:07:51.738Z - Handled REQUEST_PROJECT_GRAPH. Handling time: 0. Response time: 4.
[NX Daemon Server] - 2023-11-11T22:07:51.752Z - [REQUEST]: Client Request for Project Graph Received
[NX Daemon Server] - 2023-11-11T22:07:51.752Z - [REQUEST]: Responding to the client. project-graph
[NX Daemon Server] - 2023-11-11T22:07:51.753Z - Time taken for 'total for creating and serializing project graph' 0.0785832405090332ms
[NX Daemon Server] - 2023-11-11T22:07:51.754Z - Done responding to the client project-graph
[NX Daemon Server] - 2023-11-11T22:07:51.754Z - Handled REQUEST_PROJECT_GRAPH. Handling time: 0. Response time: 2.
[NX Daemon Server] - 2023-11-11T22:07:51.757Z - [REQUEST]: Client Request for Project Graph Received
[NX Daemon Server] - 2023-11-11T22:07:51.757Z - [REQUEST]: Responding to the client. project-graph
[NX Daemon Server] - 2023-11-11T22:07:51.758Z - Time taken for 'total for creating and serializing project graph' 0.09675025939941406ms
[NX Daemon Server] - 2023-11-11T22:07:51.759Z - Done responding to the client project-graph
[NX Daemon Server] - 2023-11-11T22:07:51.759Z - Handled REQUEST_PROJECT_GRAPH. Handling time: 0. Response time: 2.
[NX Daemon Server] - 2023-11-11T22:07:51.783Z - [REQUEST]: Responding to the client. handleRequestFileData
[NX Daemon Server] - 2023-11-11T22:07:51.783Z - Done responding to the client handleRequestFileData
[NX Daemon Server] - 2023-11-11T22:07:51.783Z - Handled REQUEST_FILE_DATA. Handling time: 0. Response time: 0.
[NX Daemon Server] - 2023-11-11T22:07:51.800Z - Closed a connection. Number of open connections: 1
[NX Daemon Server] - 2023-11-11T22:07:52.131Z - Established a connection. Number of open connections: 2
[NX Daemon Server] - 2023-11-11T22:07:52.131Z - Closed a connection. Number of open connections: 1
[NX Daemon Server] - 2023-11-11T22:07:52.132Z - Established a connection. Number of open connections: 2
[NX Daemon Server] - 2023-11-11T22:07:52.133Z - [REQUEST]: Client Request for Project Graph Received
[NX Daemon Server] - 2023-11-11T22:07:52.133Z - [REQUEST]: Responding to the client. project-graph
[NX Daemon Server] - 2023-11-11T22:07:52.134Z - Time taken for 'total for creating and serializing project graph' 0.06858396530151367ms
[NX Daemon Server] - 2023-11-11T22:07:52.137Z - Done responding to the client project-graph
[NX Daemon Server] - 2023-11-11T22:07:52.137Z - Handled REQUEST_PROJECT_GRAPH. Handling time: 0. Response time: 4.
[NX Daemon Server] - 2023-11-11T22:07:52.148Z - [REQUEST]: Client Request for Project Graph Received
[NX Daemon Server] - 2023-11-11T22:07:52.148Z - [REQUEST]: Responding to the client. project-graph
[NX Daemon Server] - 2023-11-11T22:07:52.150Z - Time taken for 'total for creating and serializing project graph' 0.08979225158691406ms
[NX Daemon Server] - 2023-11-11T22:07:52.150Z - Done responding to the client project-graph
[NX Daemon Server] - 2023-11-11T22:07:52.150Z - Handled REQUEST_PROJECT_GRAPH. Handling time: 0. Response time: 2.
[NX Daemon Server] - 2023-11-11T22:07:52.153Z - [REQUEST]: Client Request for Project Graph Received
[NX Daemon Server] - 2023-11-11T22:07:52.154Z - [REQUEST]: Responding to the client. project-graph
[NX Daemon Server] - 2023-11-11T22:07:52.154Z - Time taken for 'total for creating and serializing project graph' 0.0457921028137207ms
[NX Daemon Server] - 2023-11-11T22:07:52.155Z - Done responding to the client project-graph
[NX Daemon Server] - 2023-11-11T22:07:52.155Z - Handled REQUEST_PROJECT_GRAPH. Handling time: 1. Response time: 1.
[NX Daemon Server] - 2023-11-11T22:07:52.178Z - [REQUEST]: Responding to the client. handleRequestFileData
[NX Daemon Server] - 2023-11-11T22:07:52.179Z - Done responding to the client handleRequestFileData
[NX Daemon Server] - 2023-11-11T22:07:52.179Z - Handled REQUEST_FILE_DATA. Handling time: 0. Response time: 1.
[NX Daemon Server] - 2023-11-11T22:07:52.196Z - Closed a connection. Number of open connections: 1
[NX Daemon Server] - 2023-11-11T22:07:55.211Z - Established a connection. Number of open connections: 2
[NX Daemon Server] - 2023-11-11T22:07:55.211Z - Closed a connection. Number of open connections: 1
[NX Daemon Server] - 2023-11-11T22:07:55.211Z - Established a connection. Number of open connections: 2
[NX Daemon Server] - 2023-11-11T22:07:55.213Z - [REQUEST]: Client Request for Project Graph Received
[NX Daemon Server] - 2023-11-11T22:07:55.213Z - [REQUEST]: Responding to the client. project-graph
[NX Daemon Server] - 2023-11-11T22:07:55.214Z - Time taken for 'total for creating and serializing project graph' 0.08637475967407227ms
[NX Daemon Server] - 2023-11-11T22:07:55.216Z - Done responding to the client project-graph
[NX Daemon Server] - 2023-11-11T22:07:55.216Z - Handled REQUEST_PROJECT_GRAPH. Handling time: 0. Response time: 3.
[NX Daemon Server] - 2023-11-11T22:07:55.256Z - [REQUEST]: Responding to the client. handleHashTasks
[NX Daemon Server] - 2023-11-11T22:07:55.257Z - Done responding to the client handleHashTasks
[NX Daemon Server] - 2023-11-11T22:07:55.257Z - Handled HASH_TASKS. Handling time: 15. Response time: 1.
[NX Daemon Server] - 2023-11-11T22:07:55.510Z - Established a connection. Number of open connections: 3
[NX Daemon Server] - 2023-11-11T22:07:55.510Z - Closed a connection. Number of open connections: 2
[NX Daemon Server] - 2023-11-11T22:07:55.511Z - Established a connection. Number of open connections: 3
[NX Daemon Server] - 2023-11-11T22:07:55.512Z - [REQUEST]: Client Request for Project Graph Received
[NX Daemon Server] - 2023-11-11T22:07:55.512Z - [REQUEST]: Responding to the client. project-graph
[NX Daemon Server] - 2023-11-11T22:07:55.513Z - Time taken for 'total for creating and serializing project graph' 0.07412528991699219ms
[NX Daemon Server] - 2023-11-11T22:07:55.515Z - Done responding to the client project-graph
[NX Daemon Server] - 2023-11-11T22:07:55.515Z - Handled REQUEST_PROJECT_GRAPH. Handling time: 0. Response time: 3.
[NX Daemon Server] - 2023-11-11T22:07:57.341Z - [WATCHER]: Processing file changes in outputs
[NX Daemon Server] - 2023-11-11T22:10:41.696Z - [WATCHER]: src/app/square/square.component.ts was modified
[NX Daemon Server] - 2023-11-11T22:10:41.696Z - [WATCHER]: Processing file changes in outputs
[NX Daemon Server] - 2023-11-11T22:10:41.816Z - [REQUEST]: Updated file-hasher based on watched changes, recomputing project graph...
[NX Daemon Server] - 2023-11-11T22:10:41.816Z - [REQUEST]: src/app/square/square.component.ts
[NX Daemon Server] - 2023-11-11T22:10:41.816Z - [REQUEST]: 
[NX Daemon Server] - 2023-11-11T22:10:41.845Z - Time taken for 'hash changed files from watcher' 0.5865411758422852ms
[NX Daemon Server] - 2023-11-11T22:10:42.238Z - [WATCHER]: Processing file changes in outputs
[NX Daemon Server] - 2023-11-11T22:10:49.318Z - [WATCHER]: src/app/square/square.component.ts was modified
[NX Daemon Server] - 2023-11-11T22:10:49.318Z - [WATCHER]: Processing file changes in outputs
[NX Daemon Server] - 2023-11-11T22:10:49.536Z - [REQUEST]: Updated file-hasher based on watched changes, recomputing project graph...
[NX Daemon Server] - 2023-11-11T22:10:49.537Z - [REQUEST]: src/app/square/square.component.ts
[NX Daemon Server] - 2023-11-11T22:10:49.537Z - [REQUEST]: 
[NX Daemon Server] - 2023-11-11T22:10:49.568Z - Time taken for 'hash changed files from watcher' 0.35329246520996094ms
[NX Daemon Server] - 2023-11-11T22:10:49.744Z - [WATCHER]: Processing file changes in outputs
